C51 COMPILER V9.50a   DELAYTIME                                                            06/06/2013 22:24:48 PAGE 1   


C51 COMPILER V9.50a, COMPILATION OF MODULE DELAYTIME
OBJECT MODULE PLACED IN delaytime.obj
COMPILER INVOKED BY: C:\Keil\C51\BIN\C51.EXE Source\delaytime.c BROWSE INCDIR(.\Main;.\Source;..\1-wire Protocol) DEBUG 
                    -OBJECTEXTEND PRINT(.\delaytime.lst) TABS(2) OBJECT(delaytime.obj)

line level    source

   1          #include <typedef.h>
   2          
   3          void delay(u16 n){
   4   1        u16 j;
   5   1        for(;n>0;n--)
   6   1          for(j=0;j<2400;j++);
   7   1      }
   8          
   9          void delay_us(u16 n){
  10   1        for(;n>0;n--);
  11   1      }


MODULE INFORMATION:   STATIC OVERLAYABLE
   CODE SIZE        =     48    ----
   CONSTANT SIZE    =   ----    ----
   XDATA SIZE       =   ----    ----
   PDATA SIZE       =   ----    ----
   DATA SIZE        =   ----    ----
   IDATA SIZE       =   ----    ----
   BIT SIZE         =   ----    ----
END OF MODULE INFORMATION.


C51 COMPILATION COMPLETE.  0 WARNING(S),  0 ERROR(S)
