C51 COMPILER V9.50a   SEVEN_SEG                                                            06/06/2013 22:24:49 PAGE 1   


C51 COMPILER V9.50a, COMPILATION OF MODULE SEVEN_SEG
OBJECT MODULE PLACED IN seven_seg.obj
COMPILER INVOKED BY: C:\Keil\C51\BIN\C51.EXE Source\seven_seg.c BROWSE INCDIR(.\Main;.\Source;..\1-wire Protocol) DEBUG 
                    -OBJECTEXTEND PRINT(.\seven_seg.lst) TABS(2) OBJECT(seven_seg.obj)

line level    source

   1          #include <reg_mpc82g516.h>
   2          #include <typedef.h>
   3          #include <delaytime.h>
   4          
   5          char table[]={0x3F,0x06,0x5B,0x4F,0x66,0x6D,0x7C,0x27,0x7F,0x67,0x77,0x7C,0x58,0x5E,0x79,0x71};  //0~9,A~F
   6          
   7          u8 div_N0,div_N1,div_N2,div_N3;
   8          
   9          void div(u16 num){
  10   1        div_N0=(num%10);
  11   1        div_N1=((num%100)-(num%10))/10;
  12   1        div_N2=((num%1000)-(num%100))/100;
  13   1        div_N3=((num%10000)-(num%1000))/1000;
  14   1      }
  15          
  16          void scan(u16 num){
  17   1        div(num);
  18   1        P4=(P4&0xF0)+ ~(0x01);
  19   1        P0=~table[div_N3];
  20   1        delay(2);
  21   1        P4=(P4&0xF0)+ ~(0x02);
  22   1        P0=~table[div_N2];
  23   1        delay(2);
  24   1        P4=(P4&0xF0)+ ~(0x04);
  25   1        P0=~table[div_N1];
  26   1        delay(2);
  27   1        P4=(P4&0xF0)+ ~(0x08);
  28   1        P0=~table[div_N0];
  29   1        delay(2);
  30   1      }


MODULE INFORMATION:   STATIC OVERLAYABLE
   CODE SIZE        =    239    ----
   CONSTANT SIZE    =   ----    ----
   XDATA SIZE       =   ----    ----
   PDATA SIZE       =   ----    ----
   DATA SIZE        =     20       2
   IDATA SIZE       =   ----    ----
   BIT SIZE         =   ----    ----
END OF MODULE INFORMATION.


C51 COMPILATION COMPLETE.  0 WARNING(S),  0 ERROR(S)
