C51 COMPILER V9.50a   DELAYTIME                                                            05/25/2013 22:36:09 PAGE 1   


C51 COMPILER V9.50a, COMPILATION OF MODULE DELAYTIME
OBJECT MODULE PLACED IN delaytime.obj
COMPILER INVOKED BY: C:\Keil\C51\BIN\C51.EXE Source\delaytime.c BROWSE INCDIR(.\Source;..\Relay Control) DEBUG OBJECTEXT
                    -END PRINT(.\delaytime.lst) TABS(2) OBJECT(delaytime.obj)

line level    source

   1          #include <typedef.h>
   2          
   3          void delay(u16 n){
   4   1        u16 j;
   5   1        for(;n>0;n--)
   6   1          for(j=0;j<2400;j++);
   7   1      }


MODULE INFORMATION:   STATIC OVERLAYABLE
   CODE SIZE        =     31    ----
   CONSTANT SIZE    =   ----    ----
   XDATA SIZE       =   ----    ----
   PDATA SIZE       =   ----    ----
   DATA SIZE        =   ----    ----
   IDATA SIZE       =   ----    ----
   BIT SIZE         =   ----    ----
END OF MODULE INFORMATION.


C51 COMPILATION COMPLETE.  0 WARNING(S),  0 ERROR(S)
