C51 COMPILER V9.50a   IO                                                                   05/25/2013 22:36:10 PAGE 1   


C51 COMPILER V9.50a, COMPILATION OF MODULE IO
OBJECT MODULE PLACED IN IO.obj
COMPILER INVOKED BY: C:\Keil\C51\BIN\C51.EXE Source\IO.c BROWSE INCDIR(.\Source;..\Relay Control) DEBUG OBJECTEXTEND PRI
                    -NT(.\IO.lst) TABS(2) OBJECT(IO.obj)

line level    source

   1          #include "reg_mpc82g516.h"
   2          #include "typedef.h"
   3          #include "IO.h"
   4          
   5          //PortX, PinX, Mode(0:Bi-dir,1:PP,2:Hi-Z,3:Open Collector)
   6          void IOConfig(u8 port,u8 pin,u8 mode){
   7   1        
   8   1        if(mode==0){                //Bi-dir
   9   2          
  10   2          if(port==0){
  11   3            P0M0&=~(1<<pin);
  12   3            P0M1&=~(1<<pin);
  13   3          }
  14   2          else if(port==1){
  15   3            P1M0&=~(1<<pin);
  16   3            P1M1&=~(1<<pin);;
  17   3          }
  18   2          else if(port==2){
  19   3            P2M0&=~(1<<pin);
  20   3            P2M1&=~(1<<pin);
  21   3          }
  22   2          else if(port==3){
  23   3            P3M0&=~(1<<pin);
  24   3            P3M1&=~(1<<pin);
  25   3          }
  26   2          
  27   2        }
  28   1        else if(mode==1){           //PP
  29   2          
  30   2          if(port==0){
  31   3            P0M0&=~(1<<pin);
  32   3            P0M1|=1<<pin;
  33   3          }
  34   2          else if(port==1){
  35   3            P1M0&=~(1<<pin);
  36   3            P1M1|=1<<pin;
  37   3          }
  38   2          else if(port==2){
  39   3            P2M0&=~(1<<pin);
  40   3            P2M1|=1<<pin;
  41   3          }
  42   2          else if(port==3){
  43   3            P3M0&=~(1<<pin);
  44   3            P3M1|=1<<pin;
  45   3          }
  46   2          
  47   2        }
  48   1        else if(mode==2){           //Hi-Z
  49   2          
  50   2          if(port==0){
  51   3            P0M0|=1<<pin;
  52   3            P0M1&=~(1<<pin);
  53   3          }
  54   2          else if(port==1){
C51 COMPILER V9.50a   IO                                                                   05/25/2013 22:36:10 PAGE 2   

  55   3            P1M0|=1<<pin;
  56   3            P1M1&=~(1<<pin);
  57   3          }
  58   2          else if(port==2){
  59   3            P2M0|=1<<pin;
  60   3            P2M1&=~(1<<pin);
  61   3          }
  62   2          else if(port==3){
  63   3            P3M0|=1<<pin;
  64   3            P3M1&=~(1<<pin);
  65   3          }
  66   2          
  67   2        }
  68   1        else if(mode==3){           //Open Collector
  69   2          
  70   2          if(port==0){
  71   3            P0M0|=1<<pin;
  72   3            P0M1|=1<<pin;
  73   3          }
  74   2          else if(port==1){
  75   3            P1M0|=1<<pin;
  76   3            P1M1|=1<<pin;
  77   3          }
  78   2          else if(port==2){
  79   3            P2M0|=1<<pin;
  80   3            P2M1|=1<<pin;
  81   3          }
  82   2          else if(port==3){
  83   3            P3M0|=1<<pin;
  84   3            P3M1|=1<<pin;
  85   3          }
  86   2          
  87   2        }
  88   1        
  89   1      }


MODULE INFORMATION:   STATIC OVERLAYABLE
   CODE SIZE        =    359    ----
   CONSTANT SIZE    =   ----    ----
   XDATA SIZE       =   ----    ----
   PDATA SIZE       =   ----    ----
   DATA SIZE        =   ----    ----
   IDATA SIZE       =   ----    ----
   BIT SIZE         =   ----    ----
END OF MODULE INFORMATION.


C51 COMPILATION COMPLETE.  0 WARNING(S),  0 ERROR(S)
