C51 COMPILER V9.50a   MAIN                                                                 05/25/2013 22:36:09 PAGE 1   


C51 COMPILER V9.50a, COMPILATION OF MODULE MAIN
OBJECT MODULE PLACED IN main.OBJ
COMPILER INVOKED BY: C:\Keil\C51\BIN\C51.EXE main.c BROWSE INCDIR(.\Source;..\Relay Control) DEBUG OBJECTEXTEND TABS(2)

line level    source

   1          #include "reg_mpc82g516.h"
   2          #include "delaytime.h"
   3          #include "typedef.h"
   4          #include "IO.h"
   5          #include "UART.h"
   6          
   7          #define stdbyBut P20
   8          
   9          
  10          typedef enum {
  11            EN = 0,
  12            DIS,
  13          } STATE;
  14          
  15          void main(void){
  16   1        
  17   1        STATE outputState=DIS;
  18   1        STATE powerState=DIS;
  19   1        
  20   1        outputState=DIS;
  21   1        powerState=DIS;
  22   1        
  23   1        P00=0;
  24   1        P01=0;
  25   1        
  26   1        IOConfig(0,0,1);    //P00 PP
  27   1        IOConfig(0,1,1);    //P01 PP
  28   1        IOConfig(2,0,2);    //P20 Hi-Z
  29   1        
  30   1        P10=0;
  31   1        
  32   1        while(1){
  33   2          
  34   2          if(stdbyBut==0){
  35   3            if(powerState==DIS){
  36   4              delay(1500);
  37   4              if(stdbyBut==0){
  38   5                P00=1;
  39   5                P01=1;
  40   5                P10=1;
  41   5                delay(1500);
  42   5                powerState=EN;
  43   5                outputState=EN;
  44   5              }
  45   4            }
  46   3            else if(powerState==EN){
  47   4              delay(1500);
  48   4              if(stdbyBut==0){
  49   5                P01=0;
  50   5                delay(200);
  51   5                P00=0;
  52   5                P10=0;
  53   5                powerState=DIS;
  54   5                outputState=DIS;
  55   5              }
C51 COMPILER V9.50a   MAIN                                                                 05/25/2013 22:36:09 PAGE 2   

  56   4            }
  57   3            while(stdbyBut==0);
  58   3            
  59   3          }
  60   2          
  61   2        }
  62   1      }
  63          


MODULE INFORMATION:   STATIC OVERLAYABLE
   CODE SIZE        =    120    ----
   CONSTANT SIZE    =   ----    ----
   XDATA SIZE       =   ----    ----
   PDATA SIZE       =   ----    ----
   DATA SIZE        =   ----       2
   IDATA SIZE       =   ----    ----
   BIT SIZE         =   ----    ----
END OF MODULE INFORMATION.


C51 COMPILATION COMPLETE.  0 WARNING(S),  0 ERROR(S)
